SF:lib\about_page.dart
DA:5,1
DA:7,1
DA:9,1
DA:11,1
DA:13,1
DA:15,1
DA:30,1
DA:31,1
DA:33,1
DA:35,1
DA:36,1
DA:38,1
DA:45,1
DA:47,1
DA:54,1
DA:56,1
DA:63,1
DA:65,1
DA:72,1
DA:74,1
DA:81,1
DA:83,1
DA:97,1
LF:23
LH:23
end_of_record
SF:lib\providers\cart_provider.dart
DA:9,7
DA:10,7
DA:13,2
DA:15,21
DA:17,0
DA:19,5
DA:20,15
DA:23,7
DA:24,14
DA:25,0
DA:29,5
DA:30,10
DA:31,0
DA:32,0
DA:33,0
DA:35,5
DA:37,0
DA:38,0
DA:41,10
DA:43,5
DA:44,5
DA:48,0
DA:49,0
DA:50,0
DA:51,0
DA:52,0
DA:57,0
DA:58,0
DA:59,0
DA:60,0
DA:62,0
DA:64,0
DA:65,0
DA:70,0
DA:71,0
DA:72,0
DA:73,0
DA:78,1
DA:79,3
DA:80,1
DA:81,0
DA:82,1
DA:83,2
DA:84,3
DA:89,1
DA:90,1
LF:46
LH:22
end_of_record
SF:lib\widgets\site_scaffold.dart
DA:10,5
DA:12,0
DA:13,0
DA:16,0
DA:17,0
DA:20,0
DA:21,0
DA:24,0
DA:26,0
DA:27,0
DA:29,0
DA:31,0
DA:33,0
DA:40,0
DA:41,0
DA:42,0
DA:43,0
DA:46,0
DA:51,0
DA:52,0
DA:53,0
DA:56,0
DA:57,0
DA:58,0
DA:59,0
DA:60,0
DA:61,0
DA:64,0
DA:75,5
DA:77,5
DA:78,5
DA:79,5
DA:80,5
DA:82,5
DA:84,5
DA:85,5
DA:86,5
DA:97,5
DA:100,5
DA:101,5
DA:103,10
DA:105,5
DA:107,5
DA:108,5
DA:114,0
DA:116,5
DA:123,0
DA:124,0
DA:126,5
DA:127,5
DA:128,5
DA:129,5
DA:130,5
DA:138,1
DA:139,1
DA:141,10
DA:142,3
DA:145,3
DA:151,3
DA:152,6
DA:168,5
DA:170,5
DA:172,5
DA:173,5
DA:174,0
DA:179,5
DA:181,0
DA:182,0
DA:183,0
DA:196,0
DA:217,5
DA:218,5
DA:223,5
DA:224,0
DA:225,0
DA:230,5
DA:231,0
DA:240,0
DA:241,0
DA:242,0
DA:243,0
DA:244,0
DA:248,0
DA:249,0
DA:250,0
DA:262,0
DA:264,0
DA:267,0
DA:269,0
DA:270,0
DA:272,0
DA:273,0
DA:275,0
DA:276,0
DA:278,0
DA:279,0
DA:282,0
DA:285,0
DA:304,5
DA:305,5
DA:306,5
DA:307,0
DA:308,5
DA:312,4
DA:313,4
DA:314,4
DA:325,10
DA:337,5
DA:340,5
DA:342,5
DA:344,10
DA:345,10
DA:347,0
DA:349,10
DA:352,0
DA:354,0
DA:356,0
DA:357,0
DA:424,0
DA:426,0
DA:437,0
DA:438,0
DA:439,0
DA:451,0
DA:452,0
DA:453,0
DA:465,0
DA:466,0
DA:467,0
DA:507,10
DA:508,0
DA:511,10
DA:513,10
DA:517,5
DA:518,5
DA:519,5
DA:522,5
DA:523,5
DA:525,5
DA:526,5
DA:592,5
DA:593,5
DA:595,5
DA:598,5
DA:607,5
DA:608,0
DA:609,5
DA:621,5
DA:622,5
DA:623,5
DA:635,5
DA:636,5
DA:637,5
DA:651,5
LF:154
LH:76
end_of_record
SF:lib\models\cart_item.dart
DA:12,5
DA:25,0
DA:30,0
DA:31,0
DA:32,0
DA:33,0
DA:34,0
DA:35,0
DA:36,0
DA:37,0
DA:38,0
DA:39,0
DA:43,0
DA:44,0
DA:45,0
DA:46,0
DA:47,0
DA:48,0
DA:49,0
DA:50,0
DA:51,0
DA:52,0
DA:53,0
DA:57,0
DA:58,0
DA:59,0
DA:60,0
DA:61,0
DA:62,0
DA:63,0
DA:64,0
DA:65,0
DA:66,0
DA:67,0
LF:34
LH:1
end_of_record
SF:lib\services\cart_storage_service.dart
DA:8,5
DA:9,5
DA:10,0
DA:11,0
DA:14,7
DA:15,7
DA:16,0
DA:18,0
DA:20,0
DA:21,0
DA:24,0
DA:25,0
DA:26,0
LF:13
LH:4
end_of_record
SF:lib\widgets\newsletter_widget.dart
DA:5,3
DA:7,6
DA:8,6
DA:14,6
DA:16,12
DA:17,6
DA:20,1
DA:21,2
DA:24,1
DA:25,3
DA:26,1
DA:27,3
DA:35,4
DA:36,2
DA:37,1
DA:40,2
DA:43,6
DA:45,6
DA:47,6
DA:48,6
DA:49,6
DA:50,12
DA:53,6
DA:55,6
DA:56,6
DA:66,6
DA:68,6
DA:69,6
DA:70,6
DA:86,12
DA:87,5
DA:88,15
LF:32
LH:32
end_of_record
SF:lib\pages\cart_page.dart
DA:7,1
DA:9,1
DA:11,1
DA:12,1
DA:13,1
DA:14,1
DA:15,1
DA:17,1
DA:22,1
DA:24,1
DA:35,1
DA:36,4
DA:47,2
DA:48,1
DA:51,1
DA:52,1
DA:54,1
DA:55,1
DA:58,1
DA:61,1
DA:63,1
DA:66,1
DA:70,1
DA:72,1
DA:74,1
DA:78,1
DA:79,0
DA:80,0
DA:83,0
DA:86,1
DA:106,2
DA:107,1
DA:112,1
DA:114,1
DA:115,1
DA:117,1
DA:118,2
DA:119,1
DA:120,2
DA:122,1
DA:123,1
DA:124,1
DA:126,1
DA:127,1
DA:128,1
DA:130,1
DA:132,1
DA:133,1
DA:134,1
DA:137,1
DA:139,1
DA:142,1
DA:143,1
DA:145,1
DA:147,1
DA:149,1
DA:150,1
DA:151,1
DA:152,1
DA:153,2
DA:155,0
DA:156,0
DA:158,1
DA:160,1
DA:161,1
DA:176,1
DA:177,1
DA:180,1
DA:181,1
DA:182,1
DA:193,1
DA:195,0
DA:196,1
DA:197,1
DA:198,1
DA:200,2
DA:201,1
DA:203,2
DA:204,1
DA:205,1
DA:207,1
DA:210,1
DA:211,1
DA:212,0
DA:213,0
DA:217,0
DA:218,0
DA:219,0
DA:220,0
DA:225,0
DA:232,0
DA:233,0
DA:245,1
DA:246,1
DA:261,1
DA:264,1
DA:266,1
DA:267,1
DA:268,1
DA:269,1
DA:272,1
DA:274,1
DA:275,1
DA:276,1
DA:278,2
DA:279,0
DA:280,0
DA:282,0
DA:290,1
DA:294,1
DA:295,2
DA:302,1
DA:304,0
DA:305,0
DA:307,0
DA:318,1
DA:319,0
DA:320,0
DA:343,1
DA:345,1
DA:347,1
DA:348,1
DA:349,1
DA:350,1
DA:351,1
DA:354,1
DA:355,1
DA:356,1
DA:359,1
DA:367,1
DA:368,3
DA:378,1
DA:379,1
DA:383,1
DA:386,1
DA:395,1
DA:396,3
DA:408,1
DA:410,1
DA:412,1
DA:413,0
DA:414,0
DA:422,1
DA:436,1
DA:438,1
DA:440,1
DA:441,0
DA:442,0
DA:445,0
DA:448,1
DA:465,1
LF:151
LH:123
end_of_record
SF:lib\auth_page.dart
DA:4,2
DA:6,1
DA:7,1
DA:15,1
DA:17,2
DA:18,1
DA:21,1
DA:22,3
DA:23,3
DA:25,2
DA:26,1
DA:27,3
DA:28,2
DA:33,1
DA:34,3
DA:37,1
DA:39,1
DA:40,1
DA:41,1
DA:43,1
DA:45,1
DA:46,1
DA:47,1
DA:50,1
DA:53,1
DA:55,1
DA:71,1
DA:73,2
DA:76,1
DA:77,1
DA:78,1
DA:79,1
DA:81,1
DA:83,1
DA:84,2
DA:85,1
DA:91,1
DA:101,1
DA:102,1
DA:108,1
DA:110,2
DA:113,1
DA:114,2
DA:121,1
DA:123,1
DA:124,2
LF:46
LH:46
end_of_record
SF:lib\widgets\add_to_cart_dialog.dart
DA:9,3
DA:14,3
DA:15,3
DA:19,3
DA:21,3
DA:23,6
DA:24,3
DA:25,9
DA:30,3
DA:32,3
DA:33,12
DA:34,8
DA:35,4
DA:37,3
DA:38,3
DA:39,3
DA:41,3
DA:43,3
DA:45,3
DA:47,3
DA:77,3
DA:80,3
DA:81,3
DA:82,3
DA:84,3
DA:85,3
DA:86,3
DA:89,1
DA:90,1
DA:91,1
DA:106,3
DA:107,9
DA:118,9
DA:119,9
DA:120,0
DA:121,0
DA:122,0
DA:123,0
DA:124,0
DA:125,0
DA:126,0
DA:127,0
DA:128,0
DA:140,3
DA:141,12
DA:148,3
DA:151,3
DA:152,12
DA:159,3
DA:162,3
DA:164,3
DA:165,3
DA:166,3
DA:168,3
DA:169,6
DA:170,3
DA:173,3
DA:177,3
DA:180,3
DA:181,3
DA:182,3
DA:183,3
DA:184,1
DA:185,2
DA:187,3
DA:193,3
DA:194,3
DA:207,3
DA:208,3
DA:209,1
DA:210,2
DA:211,1
DA:213,3
DA:216,3
DA:217,3
LF:75
LH:66
end_of_record
SF:lib\widgets\product_gallery.dart
DA:4,2
DA:5,4
DA:6,0
DA:12,2
DA:14,2
DA:15,2
DA:21,2
DA:23,6
DA:29,8
DA:31,2
DA:32,2
DA:33,2
DA:34,2
DA:36,2
DA:39,1
DA:40,1
DA:41,1
DA:51,0
DA:52,4
DA:55,2
DA:57,2
DA:59,12
DA:64,2
DA:66,2
DA:68,6
DA:69,1
DA:70,2
DA:71,6
DA:72,4
DA:73,2
DA:74,4
DA:75,4
DA:76,2
DA:78,2
DA:79,2
DA:82,2
DA:83,2
DA:85,2
DA:86,2
DA:87,2
DA:88,2
DA:92,1
DA:93,1
DA:94,1
LF:44
LH:42
end_of_record
SF:lib\main.dart
DA:19,2
DA:20,2
DA:21,2
DA:23,0
DA:26,0
DA:27,0
DA:31,5
DA:33,1
DA:35,1
DA:36,1
DA:37,3
DA:39,1
DA:42,1
DA:43,1
DA:52,1
DA:53,0
DA:54,0
DA:55,0
DA:56,0
DA:57,0
DA:58,0
DA:59,0
DA:61,0
DA:62,0
DA:64,0
DA:68,0
DA:72,0
DA:76,0
DA:80,0
DA:91,5
DA:93,1
DA:94,1
DA:98,0
DA:99,0
DA:102,0
DA:103,0
DA:106,0
DA:107,0
DA:110,0
DA:114,1
DA:117,1
DA:118,1
DA:119,1
DA:121,1
DA:122,1
DA:127,1
DA:193,2
DA:202,2
DA:203,2
DA:204,2
DA:205,2
DA:206,2
DA:207,2
DA:208,2
DA:212,2
DA:214,8
DA:216,2
DA:217,0
DA:218,0
DA:219,0
DA:220,0
DA:221,0
DA:222,0
DA:223,0
DA:226,2
DA:228,2
DA:233,2
DA:235,0
DA:236,0
DA:237,0
DA:238,0
DA:240,0
DA:241,0
DA:242,0
DA:252,2
DA:254,2
DA:255,2
DA:256,4
DA:259,0
DA:260,0
DA:261,0
DA:273,2
DA:274,2
DA:280,2
DA:281,2
DA:282,2
LF:86
LH:45
end_of_record
SF:lib\product_page.dart
DA:8,5
DA:10,1
DA:11,1
DA:15,0
DA:16,0
DA:19,0
DA:23,1
DA:26,3
DA:27,0
DA:28,0
DA:30,0
DA:31,0
DA:33,0
DA:34,0
DA:36,0
DA:37,0
DA:39,0
DA:40,0
DA:45,0
DA:46,0
DA:50,0
DA:51,2
DA:52,0
DA:58,0
DA:59,2
DA:60,0
DA:65,0
DA:66,2
DA:67,0
DA:73,0
DA:74,2
DA:75,0
DA:81,1
DA:86,0
DA:87,0
DA:88,2
DA:89,2
DA:90,2
DA:95,1
DA:96,1
DA:97,1
DA:99,1
DA:102,2
DA:103,4
DA:105,0
DA:107,0
DA:109,0
DA:111,0
DA:113,0
DA:118,0
DA:120,0
DA:123,0
DA:133,1
DA:134,1
DA:135,1
DA:137,1
DA:140,1
DA:143,0
LF:58
LH:24
end_of_record
SF:lib\pages\collection_page.dart
DA:11,5
DA:18,0
DA:21,0
DA:24,0
DA:25,0
DA:26,0
DA:28,0
DA:29,0
DA:30,0
DA:32,0
DA:36,0
DA:37,0
DA:38,0
DA:39,0
DA:48,0
DA:50,0
DA:51,0
DA:59,0
DA:60,0
DA:61,0
DA:72,0
DA:74,0
DA:76,0
DA:89,0
DA:97,0
DA:98,0
LF:26
LH:1
end_of_record
SF:lib\models\product.dart
DA:15,5
DA:30,0
DA:31,0
DA:32,0
DA:34,0
DA:38,0
DA:40,0
DA:41,0
DA:42,0
DA:44,0
DA:46,0
DA:47,0
LF:12
LH:1
end_of_record
SF:lib\pages\sale_page.dart
DA:8,5
DA:10,0
DA:11,0
DA:17,0
DA:18,0
DA:20,0
DA:21,0
DA:22,0
DA:23,0
DA:24,0
DA:25,0
DA:26,0
DA:27,0
DA:28,0
DA:29,0
DA:30,0
DA:36,0
DA:38,0
DA:41,0
DA:42,0
DA:43,0
DA:45,0
DA:46,0
DA:47,0
DA:49,0
DA:53,0
DA:54,0
DA:66,0
DA:67,0
DA:78,0
DA:80,0
DA:82,0
DA:95,0
DA:96,0
DA:97,0
DA:99,0
DA:100,0
DA:101,0
DA:102,0
DA:104,0
DA:105,0
DA:131,0
DA:138,0
DA:139,0
DA:140,0
DA:141,0
LF:46
LH:1
end_of_record
SF:lib\pages\search_results_page.dart
DA:10,0
DA:12,0
DA:13,0
DA:19,0
DA:20,0
DA:22,0
DA:23,0
DA:24,0
DA:25,0
DA:26,0
DA:27,0
DA:28,0
DA:29,0
DA:30,0
DA:31,0
DA:32,0
DA:38,0
DA:40,0
DA:41,0
DA:44,0
DA:45,0
DA:46,0
DA:48,0
DA:49,0
DA:50,0
DA:52,0
DA:56,0
DA:57,0
DA:58,0
DA:59,0
DA:68,0
DA:69,0
DA:71,0
DA:82,0
DA:84,0
DA:86,0
DA:87,0
DA:88,0
DA:90,0
DA:92,0
DA:99,0
DA:100,0
DA:121,0
DA:122,0
DA:124,0
DA:126,0
DA:127,0
DA:128,0
DA:129,0
DA:131,0
DA:132,0
DA:160,0
DA:164,0
DA:170,0
DA:171,0
DA:172,0
DA:173,0
LF:57
LH:0
end_of_record
SF:lib\widgets\price_tag.dart
DA:10,5
DA:18,5
DA:20,15
DA:21,5
DA:22,2
DA:23,2
DA:26,5
DA:27,5
DA:29,5
DA:30,5
DA:32,20
DA:33,5
DA:39,10
DA:41,2
DA:43,2
DA:44,2
DA:46,8
DA:52,2
DA:54,8
DA:55,6
LF:20
LH:20
end_of_record
SF:lib\widgets\hero_banner.dart
DA:9,2
DA:15,2
DA:16,2
DA:25,2
DA:27,2
DA:28,4
DA:29,2
DA:32,2
DA:34,4
DA:35,4
DA:36,2
DA:39,2
DA:40,2
DA:41,8
DA:43,9
DA:44,2
DA:45,6
DA:46,2
DA:55,1
DA:56,2
DA:57,1
DA:61,1
DA:62,2
DA:63,1
DA:67,1
DA:68,2
DA:73,1
DA:74,2
DA:75,2
DA:79,1
DA:80,1
DA:82,1
DA:83,1
DA:87,2
DA:89,6
DA:93,6
DA:94,2
DA:97,2
DA:98,2
DA:99,0
DA:100,2
DA:102,2
DA:103,2
DA:105,2
DA:106,2
DA:107,1
DA:108,2
DA:109,1
DA:112,6
DA:113,2
DA:114,6
DA:115,2
DA:116,4
DA:117,2
DA:118,2
DA:120,2
DA:122,2
DA:123,2
DA:125,1
DA:126,1
DA:127,1
DA:139,2
DA:140,2
DA:141,2
DA:144,2
DA:145,2
DA:146,2
DA:152,2
DA:156,2
DA:159,2
DA:160,2
DA:161,2
DA:162,2
DA:166,2
DA:167,2
DA:168,2
DA:174,4
DA:176,2
DA:177,2
DA:178,2
DA:181,2
DA:182,2
DA:183,2
DA:200,0
DA:201,0
DA:205,0
DA:206,0
DA:207,0
DA:209,0
DA:210,0
DA:211,0
DA:214,0
DA:215,0
DA:221,0
DA:225,0
DA:226,0
DA:227,0
DA:229,0
DA:230,0
DA:234,0
DA:235,0
DA:244,8
DA:245,2
DA:249,2
DA:251,2
DA:252,6
DA:253,4
DA:254,4
DA:255,2
DA:256,2
DA:260,2
DA:262,4
DA:263,6
DA:264,2
LF:114
LH:95
end_of_record
SF:lib\repositories\banner_repository.dart
DA:4,3
DA:28,3
LF:2
LH:2
end_of_record
SF:lib\widgets\collection_preview.dart
DA:11,5
DA:19,2
DA:22,4
DA:25,6
DA:28,6
DA:29,4
DA:30,4
DA:32,2
DA:33,2
DA:35,2
DA:38,2
DA:39,2
DA:40,2
DA:41,2
DA:50,2
DA:51,2
DA:52,1
DA:53,1
DA:55,2
DA:83,2
DA:84,1
DA:97,2
DA:100,2
DA:106,2
DA:107,2
DA:108,2
DA:109,2
LF:27
LH:27
end_of_record
SF:lib\models\hero_banner.dart
DA:9,5
LF:1
LH:1
end_of_record
SF:lib\utils\money.dart
DA:2,5
DA:3,5
DA:4,10
DA:5,5
DA:6,5
DA:7,10
DA:10,5
DA:11,5
DA:12,10
DA:15,2
DA:16,2
DA:17,2
DA:18,6
DA:19,2
LF:14
LH:14
end_of_record
SF:lib\repositories\product_repository.dart
DA:4,6
DA:178,0
DA:179,0
DA:183,2
DA:184,2
DA:185,8
DA:186,2
DA:190,0
DA:192,0
DA:199,0
DA:201,0
DA:202,0
DA:204,0
DA:208,0
DA:210,0
DA:212,0
DA:214,0
DA:220,0
DA:222,0
DA:223,0
DA:225,0
DA:227,0
DA:228,0
DA:231,0
DA:237,0
DA:238,0
DA:239,0
DA:240,0
DA:242,0
DA:244,0
DA:245,0
DA:247,0
DA:248,0
DA:249,0
DA:250,0
DA:252,0
DA:253,0
DA:259,0
DA:263,0
DA:264,0
DA:265,0
DA:268,0
DA:271,0
DA:272,0
DA:273,0
DA:276,0
DA:277,0
DA:279,0
DA:280,0
DA:288,0
DA:289,0
DA:291,0
DA:293,0
DA:295,0
DA:298,0
DA:303,0
DA:306,0
LF:57
LH:5
end_of_record
SF:lib\widgets\product_info.dart
DA:18,2
DA:29,2
DA:30,2
DA:39,2
DA:45,2
DA:47,2
DA:48,2
DA:49,4
DA:53,2
DA:54,4
DA:55,4
DA:61,4
DA:62,2
DA:63,2
DA:64,2
DA:65,2
DA:66,4
DA:67,1
DA:68,2
DA:69,1
DA:73,8
DA:74,2
DA:79,2
DA:80,2
DA:81,4
DA:82,1
DA:83,2
DA:84,1
DA:88,8
DA:89,2
DA:96,6
DA:99,2
DA:100,2
DA:102,1
DA:104,2
DA:105,1
DA:108,6
DA:109,10
DA:110,2
DA:113,2
DA:115,2
DA:116,2
DA:117,4
DA:120,0
DA:122,0
DA:123,0
DA:124,0
DA:125,0
DA:126,0
DA:127,0
DA:128,0
DA:129,0
DA:130,0
DA:131,0
DA:132,0
DA:133,0
DA:134,0
DA:137,0
DA:138,0
DA:140,0
DA:142,0
DA:143,0
DA:152,0
DA:154,0
DA:155,0
DA:166,2
DA:167,2
DA:168,2
DA:169,2
DA:170,2
DA:171,4
DA:172,4
DA:173,4
DA:174,4
DA:175,2
DA:176,2
DA:177,2
DA:178,4
DA:179,4
DA:182,2
DA:183,2
DA:185,2
DA:187,2
DA:188,2
DA:198,2
DA:200,0
DA:201,2
DA:215,2
DA:216,2
DA:218,2
DA:219,2
DA:221,2
DA:222,6
LF:93
LH:70
end_of_record
